<?xml version="1.0" encoding="UTF-8"?>
<testsuite xmlns:xsi="http://www.w3.org/2001/XMLSchema-instance" xsi:noNamespaceSchemaLocation="https://maven.apache.org/surefire/maven-surefire-plugin/xsd/surefire-test-report.xsd" name="ex4.AppTest" time="0.02" tests="1" errors="0" skipped="0" failures="0">
  <properties>
    <property name="sun.desktop" value="gnome"/>
    <property name="awt.toolkit" value="sun.awt.X11.XToolkit"/>
    <property name="java.specification.version" value="11"/>
    <property name="sun.cpu.isalist" value=""/>
    <property name="sun.jnu.encoding" value="UTF-8"/>
    <property name="java.class.path" value="/home/rodrigo/Uni/3ano/1semestre/CBD/Práticas/Lab-1/ex4/target/test-classes:/home/rodrigo/Uni/3ano/1semestre/CBD/Práticas/Lab-1/ex4/target/classes:/home/rodrigo/.m2/repository/junit/junit/4.11/junit-4.11.jar:/home/rodrigo/.m2/repository/org/hamcrest/hamcrest-core/1.3/hamcrest-core-1.3.jar:/home/rodrigo/.m2/repository/redis/clients/jedis/4.3.1/jedis-4.3.1.jar:/home/rodrigo/.m2/repository/org/slf4j/slf4j-api/1.7.36/slf4j-api-1.7.36.jar:/home/rodrigo/.m2/repository/org/apache/commons/commons-pool2/2.11.1/commons-pool2-2.11.1.jar:/home/rodrigo/.m2/repository/org/json/json/20220320/json-20220320.jar:/home/rodrigo/.m2/repository/com/google/code/gson/gson/2.8.9/gson-2.8.9.jar:"/>
    <property name="java.vm.vendor" value="Ubuntu"/>
    <property name="sun.arch.data.model" value="64"/>
    <property name="java.vendor.url" value="https://ubuntu.com/"/>
    <property name="user.timezone" value=""/>
    <property name="user.country.format" value="PT"/>
    <property name="java.vm.specification.version" value="11"/>
    <property name="os.name" value="Linux"/>
    <property name="sun.java.launcher" value="SUN_STANDARD"/>
    <property name="user.country" value="US"/>
    <property name="sun.boot.library.path" value="/usr/lib/jvm/java-11-openjdk-amd64/lib"/>
    <property name="sun.java.command" value="/home/rodrigo/Uni/3ano/1semestre/CBD/Práticas/Lab-1/ex4/target/surefire/surefirebooter7717128591541432248.jar /home/rodrigo/Uni/3ano/1semestre/CBD/Práticas/Lab-1/ex4/target/surefire 2023-09-27T18-29-15_627-jvmRun1 surefire2985051118251653459tmp surefire_09339559181789136845tmp"/>
    <property name="jdk.debug" value="release"/>
    <property name="surefire.test.class.path" value="/home/rodrigo/Uni/3ano/1semestre/CBD/Práticas/Lab-1/ex4/target/test-classes:/home/rodrigo/Uni/3ano/1semestre/CBD/Práticas/Lab-1/ex4/target/classes:/home/rodrigo/.m2/repository/junit/junit/4.11/junit-4.11.jar:/home/rodrigo/.m2/repository/org/hamcrest/hamcrest-core/1.3/hamcrest-core-1.3.jar:/home/rodrigo/.m2/repository/redis/clients/jedis/4.3.1/jedis-4.3.1.jar:/home/rodrigo/.m2/repository/org/slf4j/slf4j-api/1.7.36/slf4j-api-1.7.36.jar:/home/rodrigo/.m2/repository/org/apache/commons/commons-pool2/2.11.1/commons-pool2-2.11.1.jar:/home/rodrigo/.m2/repository/org/json/json/20220320/json-20220320.jar:/home/rodrigo/.m2/repository/com/google/code/gson/gson/2.8.9/gson-2.8.9.jar:"/>
    <property name="sun.cpu.endian" value="little"/>
    <property name="user.home" value="/home/rodrigo"/>
    <property name="user.language" value="en"/>
    <property name="java.specification.vendor" value="Oracle Corporation"/>
    <property name="java.version.date" value="2023-04-18"/>
    <property name="java.home" value="/usr/lib/jvm/java-11-openjdk-amd64"/>
    <property name="file.separator" value="/"/>
    <property name="basedir" value="/home/rodrigo/Uni/3ano/1semestre/CBD/Práticas/Lab-1/ex4"/>
    <property name="java.vm.compressedOopsMode" value="Zero based"/>
    <property name="line.separator" value="&#10;"/>
    <property name="java.specification.name" value="Java Platform API Specification"/>
    <property name="java.vm.specification.vendor" value="Oracle Corporation"/>
    <property name="java.awt.graphicsenv" value="sun.awt.X11GraphicsEnvironment"/>
    <property name="surefire.real.class.path" value="/home/rodrigo/Uni/3ano/1semestre/CBD/Práticas/Lab-1/ex4/target/surefire/surefirebooter7717128591541432248.jar"/>
    <property name="sun.management.compiler" value="HotSpot 64-Bit Tiered Compilers"/>
    <property name="java.runtime.version" value="11.0.19+7-post-Ubuntu-0ubuntu122.04.1"/>
    <property name="user.name" value="rodrigo"/>
    <property name="path.separator" value=":"/>
    <property name="os.version" value="5.19.0-42-generic"/>
    <property name="java.runtime.name" value="OpenJDK Runtime Environment"/>
    <property name="file.encoding" value="UTF-8"/>
    <property name="java.vm.name" value="OpenJDK 64-Bit Server VM"/>
    <property name="localRepository" value="/home/rodrigo/.m2/repository"/>
    <property name="java.vendor.url.bug" value="https://bugs.launchpad.net/ubuntu/+source/openjdk-lts"/>
    <property name="java.io.tmpdir" value="/tmp"/>
    <property name="java.version" value="11.0.19"/>
    <property name="user.dir" value="/home/rodrigo/Uni/3ano/1semestre/CBD/Práticas/Lab-1/ex4"/>
    <property name="os.arch" value="amd64"/>
    <property name="java.vm.specification.name" value="Java Virtual Machine Specification"/>
    <property name="java.awt.printerjob" value="sun.print.PSPrinterJob"/>
    <property name="user.language.format" value="pt"/>
    <property name="sun.os.patch.level" value="unknown"/>
    <property name="java.library.path" value="/usr/java/packages/lib:/usr/lib/x86_64-linux-gnu/jni:/lib/x86_64-linux-gnu:/usr/lib/x86_64-linux-gnu:/usr/lib/jni:/lib:/usr/lib"/>
    <property name="java.vm.info" value="mixed mode, sharing"/>
    <property name="java.vendor" value="Ubuntu"/>
    <property name="java.vm.version" value="11.0.19+7-post-Ubuntu-0ubuntu122.04.1"/>
    <property name="sun.io.unicode.encoding" value="UnicodeLittle"/>
    <property name="java.class.version" value="55.0"/>
  </properties>
  <testcase name="shouldAnswerWithTrue" classname="ex4.AppTest" time="0"/>
</testsuite>