<?xml version="1.0" encoding="UTF-8"?>
<testsuite xmlns:xsi="http://www.w3.org/2001/XMLSchema-instance" xsi:noNamespaceSchemaLocation="https://maven.apache.org/surefire/maven-surefire-plugin/xsd/surefire-test-report.xsd" name="sist_atend.AppTest" time="0.002" tests="0" errors="0" skipped="0" failures="0">
  <properties>
    <property name="sun.desktop" value="gnome"/>
    <property name="awt.toolkit" value="sun.awt.X11.XToolkit"/>
    <property name="java.specification.version" value="11"/>
    <property name="sun.cpu.isalist" value=""/>
    <property name="sun.jnu.encoding" value="UTF-8"/>
    <property name="java.class.path" value="/home/rodrigo/Uni/3ano/1semestre/CBD/Praticas/Lab-2/ex4/sist_atend/target/test-classes:/home/rodrigo/Uni/3ano/1semestre/CBD/Praticas/Lab-2/ex4/sist_atend/target/classes:/home/rodrigo/.m2/repository/org/mongodb/mongodb-driver-sync/4.10.2/mongodb-driver-sync-4.10.2.jar:/home/rodrigo/.m2/repository/org/mongodb/bson/4.10.2/bson-4.10.2.jar:/home/rodrigo/.m2/repository/org/mongodb/mongodb-driver-core/4.10.2/mongodb-driver-core-4.10.2.jar:/home/rodrigo/.m2/repository/org/mongodb/bson-record-codec/4.10.2/bson-record-codec-4.10.2.jar:"/>
    <property name="java.vm.vendor" value="Ubuntu"/>
    <property name="sun.arch.data.model" value="64"/>
    <property name="java.vendor.url" value="https://ubuntu.com/"/>
    <property name="user.timezone" value=""/>
    <property name="user.country.format" value="PT"/>
    <property name="java.vm.specification.version" value="11"/>
    <property name="os.name" value="Linux"/>
    <property name="sun.java.launcher" value="SUN_STANDARD"/>
    <property name="user.country" value="US"/>
    <property name="sun.boot.library.path" value="/usr/lib/jvm/java-11-openjdk-amd64/lib"/>
    <property name="sun.java.command" value="/home/rodrigo/Uni/3ano/1semestre/CBD/Praticas/Lab-2/ex4/sist_atend/target/surefire/surefirebooter7474136322906803325.jar /home/rodrigo/Uni/3ano/1semestre/CBD/Praticas/Lab-2/ex4/sist_atend/target/surefire 2023-10-26T12-52-14_243-jvmRun1 surefire3142565076612031148tmp surefire_014047424917681705862tmp"/>
    <property name="jdk.debug" value="release"/>
    <property name="surefire.test.class.path" value="/home/rodrigo/Uni/3ano/1semestre/CBD/Praticas/Lab-2/ex4/sist_atend/target/test-classes:/home/rodrigo/Uni/3ano/1semestre/CBD/Praticas/Lab-2/ex4/sist_atend/target/classes:/home/rodrigo/.m2/repository/org/mongodb/mongodb-driver-sync/4.10.2/mongodb-driver-sync-4.10.2.jar:/home/rodrigo/.m2/repository/org/mongodb/bson/4.10.2/bson-4.10.2.jar:/home/rodrigo/.m2/repository/org/mongodb/mongodb-driver-core/4.10.2/mongodb-driver-core-4.10.2.jar:/home/rodrigo/.m2/repository/org/mongodb/bson-record-codec/4.10.2/bson-record-codec-4.10.2.jar:"/>
    <property name="sun.cpu.endian" value="little"/>
    <property name="user.home" value="/home/rodrigo"/>
    <property name="user.language" value="en"/>
    <property name="java.specification.vendor" value="Oracle Corporation"/>
    <property name="java.version.date" value="2023-08-24"/>
    <property name="java.home" value="/usr/lib/jvm/java-11-openjdk-amd64"/>
    <property name="file.separator" value="/"/>
    <property name="basedir" value="/home/rodrigo/Uni/3ano/1semestre/CBD/Praticas/Lab-2/ex4/sist_atend"/>
    <property name="java.vm.compressedOopsMode" value="Zero based"/>
    <property name="line.separator" value="&#10;"/>
    <property name="java.specification.name" value="Java Platform API Specification"/>
    <property name="java.vm.specification.vendor" value="Oracle Corporation"/>
    <property name="java.awt.graphicsenv" value="sun.awt.X11GraphicsEnvironment"/>
    <property name="surefire.real.class.path" value="/home/rodrigo/Uni/3ano/1semestre/CBD/Praticas/Lab-2/ex4/sist_atend/target/surefire/surefirebooter7474136322906803325.jar"/>
    <property name="sun.management.compiler" value="HotSpot 64-Bit Tiered Compilers"/>
    <property name="java.runtime.version" value="11.0.20.1+1-post-Ubuntu-0ubuntu122.04"/>
    <property name="user.name" value="rodrigo"/>
    <property name="path.separator" value=":"/>
    <property name="os.version" value="6.2.0-35-generic"/>
    <property name="java.runtime.name" value="OpenJDK Runtime Environment"/>
    <property name="file.encoding" value="UTF-8"/>
    <property name="java.vm.name" value="OpenJDK 64-Bit Server VM"/>
    <property name="localRepository" value="/home/rodrigo/.m2/repository"/>
    <property name="java.vendor.url.bug" value="https://bugs.launchpad.net/ubuntu/+source/openjdk-lts"/>
    <property name="java.io.tmpdir" value="/tmp"/>
    <property name="java.version" value="11.0.20.1"/>
    <property name="user.dir" value="/home/rodrigo/Uni/3ano/1semestre/CBD/Praticas/Lab-2/ex4/sist_atend"/>
    <property name="os.arch" value="amd64"/>
    <property name="java.vm.specification.name" value="Java Virtual Machine Specification"/>
    <property name="java.awt.printerjob" value="sun.print.PSPrinterJob"/>
    <property name="user.language.format" value="pt"/>
    <property name="sun.os.patch.level" value="unknown"/>
    <property name="java.library.path" value="/usr/java/packages/lib:/usr/lib/x86_64-linux-gnu/jni:/lib/x86_64-linux-gnu:/usr/lib/x86_64-linux-gnu:/usr/lib/jni:/lib:/usr/lib"/>
    <property name="java.vm.info" value="mixed mode, sharing"/>
    <property name="java.vendor" value="Ubuntu"/>
    <property name="java.vm.version" value="11.0.20.1+1-post-Ubuntu-0ubuntu122.04"/>
    <property name="java.specification.maintenance.version" value="2"/>
    <property name="sun.io.unicode.encoding" value="UnicodeLittle"/>
    <property name="java.class.version" value="55.0"/>
  </properties>
</testsuite>